09:32:02 - INFO - Старт сессии
09:34:14 - INFO - 
=================================================================
MODEL: LinearRegression (baseline)
-----------------------------------------------------------------
Metric     |                Train |                 Test
-----------------------------------------------------------------
MAE        |           190,571.26 |           194,434.29
MSE        |      102,269,241,187 |      105,629,152,601
R2         |               0.5656 |               0.5450
=================================================================

09:34:15 - INFO - 
=================================================================
MODEL: LinearRegression (best_features = 25)
-----------------------------------------------------------------
Metric     |                Train |                 Test
-----------------------------------------------------------------
MAE        |           268,095.79 |           266,898.80
MSE        |      172,999,933,821 |      170,021,961,433
R2         |               0.2652 |               0.2677
=================================================================

09:34:16 - INFO - 
=================================================================
MODEL: DecisionTreeRegressor (Top-25 features)
-----------------------------------------------------------------
Metric     |                Train |                 Test
-----------------------------------------------------------------
MAE        |            76,101.99 |           170,214.23
MSE        |       36,410,785,246 |      112,175,926,935
R2         |               0.8453 |               0.5168
=================================================================

09:40:47 - INFO - 
=================================================================
MODEL: DecisionTreeRegressor (Top-13 features)
-----------------------------------------------------------------
Metric     |                Train |                 Test
-----------------------------------------------------------------
MAE        |           178,403.77 |           190,966.13
MSE        |       92,577,807,710 |      108,192,817,542
R2         |               0.6068 |               0.5340
=================================================================

09:40:55 - INFO - 
=================================================================
MODEL: RandomForestRegressor (Top-25 features)
-----------------------------------------------------------------
Metric     |                Train |                 Test
-----------------------------------------------------------------
MAE        |           156,706.49 |           173,643.54
MSE        |       73,948,537,698 |       92,522,445,770
R2         |               0.6859 |               0.6015
=================================================================

09:44:49 - INFO - 
=================================================================
MODEL: GradientBoostingRegressor (Top-25 features)
-----------------------------------------------------------------
Metric     |                Train |                 Test
-----------------------------------------------------------------
MAE        |           136,372.54 |           162,231.55
MSE        |       59,566,175,270 |       84,967,114,335
R2         |               0.7470 |               0.6340
=================================================================

09:44:53 - INFO - 
=================================================================
MODEL: CatBoostRegressor (Top-25 features)
-----------------------------------------------------------------
Metric     |                Train |                 Test
-----------------------------------------------------------------
MAE        |           174,054.33 |           175,513.81
MSE        |       90,733,132,154 |       92,494,732,512
R2         |               0.6146 |               0.6016
=================================================================

09:45:04 - INFO - 
=================================================================
MODEL: CatBoostRegressor (All features)
-----------------------------------------------------------------
Metric     |                Train |                 Test
-----------------------------------------------------------------
MAE        |           135,968.62 |           137,643.52
MSE        |       57,819,410,684 |       60,132,223,557
R2         |               0.7544 |               0.7410
=================================================================

09:45:08 - INFO - 
=================================================================
MODEL: CatBoostRegressor (Top-11 features)
-----------------------------------------------------------------
Metric     |                Train |                 Test
-----------------------------------------------------------------
MAE        |           129,546.47 |           132,826.60
MSE        |       54,868,399,379 |       58,427,681,561
R2         |               0.7669 |               0.7483
=================================================================

09:45:13 - INFO - 
=================================================================
MODEL: RandomForestRegressor (Top-11 features)
-----------------------------------------------------------------
Metric     |                Train |                 Test
-----------------------------------------------------------------
MAE        |           142,943.61 |           154,816.63
MSE        |       57,795,915,891 |       71,038,434,654
R2         |               0.7545 |               0.6940
=================================================================

09:50:37 - INFO - 
=================================================================
MODEL: GradientBoostingRegressor (Top-11 features)
-----------------------------------------------------------------
Metric     |                Train |                 Test
-----------------------------------------------------------------
MAE        |           124,814.58 |           133,839.92
MSE        |       48,269,567,668 |       58,662,670,079
R2         |               0.7950 |               0.7473
=================================================================

09:50:39 - INFO - 
=================================================================
MODEL: XGBRegressor (Top-11)
-----------------------------------------------------------------
Metric     |                Train |                 Test
-----------------------------------------------------------------
MAE        |           127,607.90 |           132,196.48
MSE        |       53,803,698,175 |       58,482,904,227
R2         |               0.7715 |               0.7481
=================================================================

10:05:55 - INFO - 
=================================================================
MODEL: GradientBoostingRegressor (Pipeline)
-----------------------------------------------------------------
Metric     |                Train |                 Test
-----------------------------------------------------------------
MAE        |           103,710.65 |           114,069.71
MSE        |       35,676,665,722 |       46,022,643,364
R2         |               0.8455 |               0.8041
=================================================================

10:06:54 - INFO - 
=================================================================
MODEL: OPTUNA TUNED XGBOOST PIPELINE
-----------------------------------------------------------------
Metric     |                Train |                 Test
-----------------------------------------------------------------
MAE        |            78,078.79 |           101,759.03
MSE        |       20,560,924,570 |       39,643,604,451
R2         |               0.9110 |               0.8313
=================================================================

10:15:10 - INFO - 
=================================================================
MODEL: Pipeline STACKING RF CatBoost(GPU) RIDGE
-----------------------------------------------------------------
Metric     |                Train |                 Test
-----------------------------------------------------------------
MAE        |           115,704.25 |           121,578.29
MSE        |       44,695,354,619 |       50,652,392,250
R2         |               0.8065 |               0.7844
=================================================================

10:20:05 - INFO - 
=================================================================
MODEL: Pipeline STACKING RF CatBoost(GPU) RIDGE
-----------------------------------------------------------------
Metric     |                Train |                 Test
-----------------------------------------------------------------
MAE        |           115,752.30 |           121,649.49
MSE        |       44,697,514,473 |       50,728,672,776
R2         |               0.8065 |               0.7841
=================================================================

10:23:52 - INFO - 
=================================================================
MODEL: Pipeline STACKING RF+histGB+Ridge
-----------------------------------------------------------------
Metric     |                Train |                 Test
-----------------------------------------------------------------
MAE        |           126,988.23 |           131,644.48
MSE        |       52,411,828,911 |       56,929,033,912
R2         |               0.7731 |               0.7577
=================================================================

10:28:02 - INFO - 
=================================================================
MODEL: Pipeline STACKING XGB deep + XGB shallow
-----------------------------------------------------------------
Metric     |                Train |                 Test
-----------------------------------------------------------------
MAE        |            70,373.96 |            99,819.50
MSE        |       16,704,667,478 |       38,687,216,357
R2         |               0.9277 |               0.8353
=================================================================

10:28:03 - INFO - Завершение
10:33:21 - INFO - Executing shutdown due to inactivity...
10:33:21 - INFO - Executing shutdown...
10:33:21 - INFO - Not running with the Werkzeug Server, exiting by searching gc for BaseWSGIServer
