09:09:00 - INFO - Старт сессии
09:11:10 - INFO - 
=================================================================
MODEL: LinearRegression (baseline)
-----------------------------------------------------------------
Metric     |                Train |                 Test
-----------------------------------------------------------------
MAE        |           190,571.26 |           194,434.29
MSE        |      102,269,241,187 |      105,629,152,601
R2         |               0.5656 |               0.5450
=================================================================

09:11:11 - INFO - 
=================================================================
MODEL: LinearRegression (best_features = 25)
-----------------------------------------------------------------
Metric     |                Train |                 Test
-----------------------------------------------------------------
MAE        |           268,095.79 |           266,898.80
MSE        |      172,999,933,821 |      170,021,961,433
R2         |               0.2652 |               0.2677
=================================================================

09:11:12 - INFO - 
=================================================================
MODEL: DecisionTreeRegressor (Top-25 features)
-----------------------------------------------------------------
Metric     |                Train |                 Test
-----------------------------------------------------------------
MAE        |            76,101.99 |           170,214.23
MSE        |       36,410,785,246 |      112,175,926,935
R2         |               0.8453 |               0.5168
=================================================================

09:17:36 - INFO - 
=================================================================
MODEL: DecisionTreeRegressor (Top-13 features)
-----------------------------------------------------------------
Metric     |                Train |                 Test
-----------------------------------------------------------------
MAE        |           178,403.77 |           190,966.13
MSE        |       92,577,807,710 |      108,192,817,542
R2         |               0.6068 |               0.5340
=================================================================

09:17:43 - INFO - 
=================================================================
MODEL: RandomForestRegressor (Top-25 features)
-----------------------------------------------------------------
Metric     |                Train |                 Test
-----------------------------------------------------------------
MAE        |           156,706.49 |           173,643.54
MSE        |       73,948,537,698 |       92,522,445,770
R2         |               0.6859 |               0.6015
=================================================================

09:21:35 - INFO - 
=================================================================
MODEL: GradientBoostingRegressor (Top-25 features)
-----------------------------------------------------------------
Metric     |                Train |                 Test
-----------------------------------------------------------------
MAE        |           136,372.54 |           162,231.55
MSE        |       59,566,175,270 |       84,967,114,335
R2         |               0.7470 |               0.6340
=================================================================

09:21:40 - INFO - 
=================================================================
MODEL: CatBoostRegressor (Top-25 features)
-----------------------------------------------------------------
Metric     |                Train |                 Test
-----------------------------------------------------------------
MAE        |           174,054.33 |           175,513.81
MSE        |       90,733,132,154 |       92,494,732,512
R2         |               0.6146 |               0.6016
=================================================================

09:21:51 - INFO - 
=================================================================
MODEL: CatBoostRegressor (All features)
-----------------------------------------------------------------
Metric     |                Train |                 Test
-----------------------------------------------------------------
MAE        |           135,968.62 |           137,643.52
MSE        |       57,819,410,684 |       60,132,223,557
R2         |               0.7544 |               0.7410
=================================================================

09:21:56 - INFO - 
=================================================================
MODEL: CatBoostRegressor (Top-11 features)
-----------------------------------------------------------------
Metric     |                Train |                 Test
-----------------------------------------------------------------
MAE        |           129,546.47 |           132,826.60
MSE        |       54,868,399,379 |       58,427,681,561
R2         |               0.7669 |               0.7483
=================================================================

09:22:01 - INFO - 
=================================================================
MODEL: RandomForestRegressor (Top-11 features)
-----------------------------------------------------------------
Metric     |                Train |                 Test
-----------------------------------------------------------------
MAE        |           142,943.61 |           154,816.63
MSE        |       57,795,915,891 |       71,038,434,654
R2         |               0.7545 |               0.6940
=================================================================

09:27:20 - INFO - 
=================================================================
MODEL: GradientBoostingRegressor (Top-11 features)
-----------------------------------------------------------------
Metric     |                Train |                 Test
-----------------------------------------------------------------
MAE        |           124,814.58 |           133,839.92
MSE        |       48,269,567,668 |       58,662,670,079
R2         |               0.7950 |               0.7473
=================================================================

09:27:21 - INFO - 
=================================================================
MODEL: XGBRegressor (Top-11)
-----------------------------------------------------------------
Metric     |                Train |                 Test
-----------------------------------------------------------------
MAE        |           127,607.90 |           132,196.48
MSE        |       53,803,698,175 |       58,482,904,227
R2         |               0.7715 |               0.7481
=================================================================

