21:33:33 - INFO - Старт сессии
21:34:53 - INFO - 
=================================================================
MODEL: LinearRegression (baseline)
-----------------------------------------------------------------
Metric     |                Train |                 Test
-----------------------------------------------------------------
MAE        |           260,093.71 |           258,702.98
MSE        |      164,343,123,678 |      161,147,514,384
R2         |               0.3019 |               0.3059
=================================================================

21:34:53 - INFO - 
=================================================================
MODEL: LinearRegression (Top-25 features)
-----------------------------------------------------------------
Metric     |                Train |                 Test
-----------------------------------------------------------------
MAE        |           272,084.53 |           270,672.46
MSE        |      178,094,880,242 |      174,666,481,364
R2         |               0.2435 |               0.2477
=================================================================

21:34:54 - INFO - 
=================================================================
MODEL: DecisionTreeRegressor (Top-25 features)
-----------------------------------------------------------------
Metric     |                Train |                 Test
-----------------------------------------------------------------
MAE        |            61,557.63 |           173,260.70
MSE        |       30,097,346,650 |      116,820,456,155
R2         |               0.8722 |               0.4968
=================================================================

21:35:00 - INFO - 
=================================================================
MODEL: DecisionTreeRegressor (Elbow method depth = 13)
-----------------------------------------------------------------
Metric     |                Train |                 Test
-----------------------------------------------------------------
MAE        |           175,436.02 |           189,886.51
MSE        |       89,422,857,655 |      107,128,293,322
R2         |               0.6202 |               0.5386
=================================================================

21:35:10 - INFO - 
=================================================================
MODEL: RandomForestRegressor (Top-25 features)
-----------------------------------------------------------------
Metric     |                Train |                 Test
-----------------------------------------------------------------
MAE        |           151,291.27 |           170,749.77
MSE        |       68,321,576,726 |       89,590,925,083
R2         |               0.7098 |               0.6141
=================================================================

21:39:59 - INFO - 
=================================================================
MODEL: GradientBoostingRegressor (Top-25 features)
-----------------------------------------------------------------
Metric     |                Train |                 Test
-----------------------------------------------------------------
MAE        |           133,783.39 |           161,155.04
MSE        |       57,380,464,086 |       83,803,839,578
R2         |               0.7563 |               0.6390
=================================================================

21:40:03 - INFO - 
=================================================================
MODEL: CatBoostRegressor (Top-25 features)
-----------------------------------------------------------------
Metric     |                Train |                 Test
-----------------------------------------------------------------
MAE        |           171,874.05 |           173,733.97
MSE        |       88,623,878,553 |       90,639,094,227
R2         |               0.6236 |               0.6096
=================================================================

21:40:08 - INFO - 
=================================================================
MODEL: CatBoostRegressor (All features)
-----------------------------------------------------------------
Metric     |                Train |                 Test
-----------------------------------------------------------------
MAE        |           126,097.26 |           129,294.69
MSE        |       52,384,738,276 |       55,748,715,395
R2         |               0.7775 |               0.7599
=================================================================

21:40:12 - INFO - 
=================================================================
MODEL: CatBoostRegressor (Top-11 features)
-----------------------------------------------------------------
Metric     |                Train |                 Test
-----------------------------------------------------------------
MAE        |           127,890.12 |           131,337.81
MSE        |       54,227,726,005 |       57,777,748,117
R2         |               0.7697 |               0.7511
=================================================================

21:40:17 - INFO - 
=================================================================
MODEL: RandomForestRegressor (Top-11 features)
-----------------------------------------------------------------
Metric     |                Train |                 Test
-----------------------------------------------------------------
MAE        |           140,950.53 |           152,522.18
MSE        |       56,974,644,704 |       69,946,525,341
R2         |               0.7580 |               0.6987
=================================================================

21:46:00 - INFO - 
=================================================================
MODEL: GradientBoostingRegressor (Top-11 features)
-----------------------------------------------------------------
Metric     |                Train |                 Test
-----------------------------------------------------------------
MAE        |           123,730.06 |           133,041.91
MSE        |       47,712,760,323 |       58,103,269,258
R2         |               0.7973 |               0.7497
=================================================================

21:46:01 - INFO - 
=================================================================
MODEL: XGBRegressor (Top-11 features)
-----------------------------------------------------------------
Metric     |                Train |                 Test
-----------------------------------------------------------------
MAE        |           125,710.78 |           130,577.27
MSE        |       52,767,243,113 |       57,449,080,114
R2         |               0.7759 |               0.7526
=================================================================

22:00:57 - INFO - 
=================================================================
MODEL: GradientBoostingRegressor (Pipeline)
-----------------------------------------------------------------
Metric     |                Train |                 Test
-----------------------------------------------------------------
MAE        |           103,607.35 |           112,982.04
MSE        |       35,635,288,246 |       45,235,731,793
R2         |               0.8462 |               0.8049
=================================================================

22:01:58 - INFO - 
=================================================================
MODEL: OPTUNA TUNED XGBOOST PIPELINE
-----------------------------------------------------------------
Metric     |                Train |                 Test
-----------------------------------------------------------------
MAE        |            86,414.16 |           103,993.29
MSE        |       25,117,999,023 |       40,385,016,335
R2         |               0.8916 |               0.8258
=================================================================

22:04:02 - INFO - 
=================================================================
MODEL: Pipeline STACKING RF CatBoost(GPU) RIDGE
-----------------------------------------------------------------
Metric     |                Train |                 Test
-----------------------------------------------------------------
MAE        |           115,781.76 |           120,100.72
MSE        |       44,722,434,117 |       49,404,567,128
R2         |               0.8070 |               0.7869
=================================================================

22:04:33 - INFO - 
=================================================================
MODEL: Pipeline STACKING RF+histGB+Ridge
-----------------------------------------------------------------
Metric     |                Train |                 Test
-----------------------------------------------------------------
MAE        |           127,296.01 |           129,881.71
MSE        |       52,853,531,959 |       55,381,227,341
R2         |               0.7719 |               0.7611
=================================================================

22:08:39 - INFO - 
=================================================================
MODEL: Pipeline STACKING XGB deep + XGB shallow
-----------------------------------------------------------------
Metric     |                Train |                 Test
-----------------------------------------------------------------
MAE        |            70,710.54 |            99,371.47
MSE        |       16,813,305,440 |       38,379,763,666
R2         |               0.9274 |               0.8344
=================================================================

22:08:41 - INFO - Завершение
22:34:51 - INFO - Executing shutdown due to inactivity...
22:34:51 - INFO - Executing shutdown...
22:34:51 - INFO - Not running with the Werkzeug Server, exiting by searching gc for BaseWSGIServer
