23:06:17 - INFO - Старт сессии
23:07:37 - INFO - 
=================================================================
MODEL: LinearRegression (baseline)
-----------------------------------------------------------------
Metric     |                Train |                 Test
-----------------------------------------------------------------
MAE        |           260,093.71 |           258,702.98
MSE        |      164,343,123,678 |      161,147,514,384
R2         |               0.3019 |               0.3059
=================================================================

23:07:38 - INFO - 
=================================================================
MODEL: LinearRegression (Top-25 features)
-----------------------------------------------------------------
Metric     |                Train |                 Test
-----------------------------------------------------------------
MAE        |           272,084.53 |           270,672.46
MSE        |      178,094,880,242 |      174,666,481,364
R2         |               0.2435 |               0.2477
=================================================================

23:07:39 - INFO - 
=================================================================
MODEL: DecisionTreeRegressor (Top-25 features)
-----------------------------------------------------------------
Metric     |                Train |                 Test
-----------------------------------------------------------------
MAE        |            61,557.63 |           173,260.70
MSE        |       30,097,346,650 |      116,820,456,155
R2         |               0.8722 |               0.4968
=================================================================

23:07:45 - INFO - 
=================================================================
MODEL: DecisionTreeRegressor (Elbow method depth = 13)
-----------------------------------------------------------------
Metric     |                Train |                 Test
-----------------------------------------------------------------
MAE        |           175,436.02 |           189,886.51
MSE        |       89,422,857,655 |      107,128,293,322
R2         |               0.6202 |               0.5386
=================================================================

23:07:55 - INFO - 
=================================================================
MODEL: RandomForestRegressor (Top-25 features)
-----------------------------------------------------------------
Metric     |                Train |                 Test
-----------------------------------------------------------------
MAE        |           151,291.27 |           170,749.77
MSE        |       68,321,576,726 |       89,590,925,083
R2         |               0.7098 |               0.6141
=================================================================

23:12:54 - INFO - 
=================================================================
MODEL: GradientBoostingRegressor (Top-25 features)
-----------------------------------------------------------------
Metric     |                Train |                 Test
-----------------------------------------------------------------
MAE        |           133,783.39 |           161,155.04
MSE        |       57,380,464,086 |       83,803,839,578
R2         |               0.7563 |               0.6390
=================================================================

23:12:59 - INFO - 
=================================================================
MODEL: CatBoostRegressor (Top-25 features)
-----------------------------------------------------------------
Metric     |                Train |                 Test
-----------------------------------------------------------------
MAE        |           171,874.05 |           173,733.97
MSE        |       88,623,878,553 |       90,639,094,227
R2         |               0.6236 |               0.6096
=================================================================

23:13:03 - INFO - 
=================================================================
MODEL: CatBoostRegressor (All features)
-----------------------------------------------------------------
Metric     |                Train |                 Test
-----------------------------------------------------------------
MAE        |           126,097.26 |           129,294.69
MSE        |       52,384,738,276 |       55,748,715,395
R2         |               0.7775 |               0.7599
=================================================================

23:13:08 - INFO - 
=================================================================
MODEL: CatBoostRegressor (Top-11 features)
-----------------------------------------------------------------
Metric     |                Train |                 Test
-----------------------------------------------------------------
MAE        |           127,890.12 |           131,337.81
MSE        |       54,227,726,005 |       57,777,748,117
R2         |               0.7697 |               0.7511
=================================================================

23:13:13 - INFO - 
=================================================================
MODEL: RandomForestRegressor (Top-11 features)
-----------------------------------------------------------------
Metric     |                Train |                 Test
-----------------------------------------------------------------
MAE        |           140,950.53 |           152,522.18
MSE        |       56,974,644,704 |       69,946,525,341
R2         |               0.7580 |               0.6987
=================================================================

23:19:01 - INFO - 
=================================================================
MODEL: GradientBoostingRegressor (Top-11 features)
-----------------------------------------------------------------
Metric     |                Train |                 Test
-----------------------------------------------------------------
MAE        |           123,730.06 |           133,041.91
MSE        |       47,712,760,323 |       58,103,269,258
R2         |               0.7973 |               0.7497
=================================================================

23:19:03 - INFO - 
=================================================================
MODEL: XGBRegressor (Top-11 features)
-----------------------------------------------------------------
Metric     |                Train |                 Test
-----------------------------------------------------------------
MAE        |           125,710.78 |           130,577.27
MSE        |       52,767,243,113 |       57,449,080,114
R2         |               0.7759 |               0.7526
=================================================================

23:33:22 - INFO - 
=================================================================
MODEL: GradientBoostingRegressor (Pipeline)
-----------------------------------------------------------------
Metric     |                Train |                 Test
-----------------------------------------------------------------
MAE        |           103,607.35 |           112,982.04
MSE        |       35,635,288,246 |       45,235,731,793
R2         |               0.8462 |               0.8049
=================================================================

23:34:17 - INFO - 
=================================================================
MODEL: OPTUNA TUNED XGBOOST PIPELINE
-----------------------------------------------------------------
Metric     |                Train |                 Test
-----------------------------------------------------------------
MAE        |            90,766.04 |           105,578.56
MSE        |       28,088,132,980 |       41,258,605,220
R2         |               0.8788 |               0.8220
=================================================================

23:36:16 - INFO - 
=================================================================
MODEL: Pipeline STACKING RF CatBoost(GPU) RIDGE
-----------------------------------------------------------------
Metric     |                Train |                 Test
-----------------------------------------------------------------
MAE        |           115,781.65 |           120,100.84
MSE        |       44,722,564,218 |       49,404,751,590
R2         |               0.8070 |               0.7869
=================================================================

23:36:47 - INFO - 
=================================================================
MODEL: Pipeline STACKING RF+histGB+Ridge
-----------------------------------------------------------------
Metric     |                Train |                 Test
-----------------------------------------------------------------
MAE        |           127,296.01 |           129,881.71
MSE        |       52,853,531,959 |       55,381,227,341
R2         |               0.7719 |               0.7611
=================================================================

23:40:54 - INFO - 
=================================================================
MODEL: Pipeline STACKING XGB deep + XGB shallow
-----------------------------------------------------------------
Metric     |                Train |                 Test
-----------------------------------------------------------------
MAE        |            70,710.54 |            99,371.47
MSE        |       16,813,305,440 |       38,379,763,666
R2         |               0.9274 |               0.8344
=================================================================

23:40:55 - INFO - Завершение

