12:52:52 - INFO - Старт сессии
12:55:04 - INFO - 
=================================================================
MODEL: LinearRegression (baseline)
-----------------------------------------------------------------
Metric     |                Train |                 Test
-----------------------------------------------------------------
MAE        |           190,571.26 |           194,434.29
MSE        |      102,269,241,187 |      105,629,152,601
R2         |               0.5656 |               0.5450
=================================================================

12:55:06 - INFO - 
=================================================================
MODEL: LinearRegression (best_features = 25)
-----------------------------------------------------------------
Metric     |                Train |                 Test
-----------------------------------------------------------------
MAE        |           268,095.79 |           266,898.80
MSE        |      172,999,933,821 |      170,021,961,433
R2         |               0.2652 |               0.2677
=================================================================

12:55:07 - INFO - 
=================================================================
MODEL: DecisionTreeRegressor (Top-25 features)
-----------------------------------------------------------------
Metric     |                Train |                 Test
-----------------------------------------------------------------
MAE        |            76,101.99 |           170,214.23
MSE        |       36,410,785,246 |      112,175,926,935
R2         |               0.8453 |               0.5168
=================================================================

13:01:38 - INFO - 
=================================================================
MODEL: DecisionTreeRegressor (Top-13 features)
-----------------------------------------------------------------
Metric     |                Train |                 Test
-----------------------------------------------------------------
MAE        |           178,403.77 |           190,966.13
MSE        |       92,577,807,710 |      108,192,817,542
R2         |               0.6068 |               0.5340
=================================================================

