11:43:40 - INFO - Старт сессии
11:45:00 - INFO - Интерактивный отчет D-Tale доступен по ссылке: http://0.0.0.0:40000/dtale/main/1
11:45:02 - INFO - 
=================================================================
MODEL: LinearRegression (baseline)
-----------------------------------------------------------------
Metric     |                Train |                 Test
-----------------------------------------------------------------
MAE        |           260,093.71 |           258,702.98
MSE        |      164,343,123,678 |      161,147,514,384
R2         |               0.3019 |               0.3059
=================================================================

11:45:12 - INFO - 
=================================================================
MODEL: LinearRegression (Top-16 features)
-----------------------------------------------------------------
Metric     |                Train |                 Test
-----------------------------------------------------------------
MAE        |           273,048.10 |           271,611.81
MSE        |      179,274,918,370 |      175,822,519,868
R2         |               0.2385 |               0.2427
=================================================================

11:45:13 - INFO - 
=================================================================
MODEL: DecisionTreeRegressor (Top-16 features)
-----------------------------------------------------------------
Metric     |                Train |                 Test
-----------------------------------------------------------------
MAE        |            66,382.75 |           172,798.91
MSE        |       31,701,211,805 |      116,812,000,156
R2         |               0.8653 |               0.4969
=================================================================

11:45:20 - INFO - 
=================================================================
MODEL: DecisionTreeRegressor (Elbow method depth = 13)
-----------------------------------------------------------------
Metric     |                Train |                 Test
-----------------------------------------------------------------
MAE        |           175,869.82 |           189,885.30
MSE        |       89,752,527,129 |      107,069,066,757
R2         |               0.6188 |               0.5388
=================================================================

11:45:28 - INFO - 
=================================================================
MODEL: RandomForestRegressor (Top-16 features)
-----------------------------------------------------------------
Metric     |                Train |                 Test
-----------------------------------------------------------------
MAE        |           151,322.21 |           170,934.62
MSE        |       68,493,243,719 |       89,784,069,197
R2         |               0.7091 |               0.6133
=================================================================

11:49:37 - INFO - 
=================================================================
MODEL: GradientBoostingRegressor (Top-16 features)
-----------------------------------------------------------------
Metric     |                Train |                 Test
-----------------------------------------------------------------
MAE        |           133,067.43 |           161,012.67
MSE        |       56,824,840,685 |       83,930,498,797
R2         |               0.7586 |               0.6385
=================================================================

11:49:41 - INFO - 
=================================================================
MODEL: CatBoostRegressor (Top-16 features)
-----------------------------------------------------------------
Metric     |                Train |                 Test
-----------------------------------------------------------------
MAE        |           172,927.94 |           174,533.88
MSE        |       89,550,052,377 |       91,462,894,845
R2         |               0.6196 |               0.6060
=================================================================

11:49:46 - INFO - 
=================================================================
MODEL: CatBoostRegressor (All features)
-----------------------------------------------------------------
Metric     |                Train |                 Test
-----------------------------------------------------------------
MAE        |           126,097.26 |           129,294.69
MSE        |       52,384,738,276 |       55,748,715,395
R2         |               0.7775 |               0.7599
=================================================================

11:49:50 - INFO - 
=================================================================
MODEL: CatBoostRegressor (Top-11 features)
-----------------------------------------------------------------
Metric     |                Train |                 Test
-----------------------------------------------------------------
MAE        |           127,890.12 |           131,337.81
MSE        |       54,227,726,005 |       57,777,748,117
R2         |               0.7697 |               0.7511
=================================================================

11:49:55 - INFO - 
=================================================================
MODEL: RandomForestRegressor (Top-11 features)
-----------------------------------------------------------------
Metric     |                Train |                 Test
-----------------------------------------------------------------
MAE        |           140,950.53 |           152,522.18
MSE        |       56,974,644,704 |       69,946,525,341
R2         |               0.7580 |               0.6987
=================================================================

11:56:04 - INFO - 
=================================================================
MODEL: GradientBoostingRegressor (Top-11 features)
-----------------------------------------------------------------
Metric     |                Train |                 Test
-----------------------------------------------------------------
MAE        |           123,730.06 |           133,041.91
MSE        |       47,712,760,323 |       58,103,269,258
R2         |               0.7973 |               0.7497
=================================================================

11:56:06 - INFO - 
=================================================================
MODEL: XGBRegressor (Top-11 features)
-----------------------------------------------------------------
Metric     |                Train |                 Test
-----------------------------------------------------------------
MAE        |           125,710.78 |           130,577.27
MSE        |       52,767,243,113 |       57,449,080,114
R2         |               0.7759 |               0.7526
=================================================================

12:11:18 - INFO - 
=================================================================
MODEL: GradientBoostingRegressor (Pipeline)
-----------------------------------------------------------------
Metric     |                Train |                 Test
-----------------------------------------------------------------
MAE        |           103,607.35 |           112,982.04
MSE        |       35,635,288,246 |       45,235,731,793
R2         |               0.8462 |               0.8049
=================================================================

12:12:15 - INFO - 
=================================================================
MODEL: OPTUNA TUNED XGBOOST PIPELINE
-----------------------------------------------------------------
Metric     |                Train |                 Test
-----------------------------------------------------------------
MAE        |            80,473.14 |           101,578.17
MSE        |       21,968,033,475 |       39,220,069,576
R2         |               0.9052 |               0.8308
=================================================================

12:14:23 - INFO - 
=================================================================
MODEL: Pipeline STACKING RF CatBoost(GPU) RIDGE
-----------------------------------------------------------------
Metric     |                Train |                 Test
-----------------------------------------------------------------
MAE        |           115,779.53 |           120,098.74
MSE        |       44,721,512,867 |       49,404,259,400
R2         |               0.8070 |               0.7869
=================================================================

12:15:07 - INFO - 
=================================================================
MODEL: Pipeline STACKING RF+histGB+Ridge
-----------------------------------------------------------------
Metric     |                Train |                 Test
-----------------------------------------------------------------
MAE        |           127,296.01 |           129,881.71
MSE        |       52,853,531,959 |       55,381,227,341
R2         |               0.7719 |               0.7611
=================================================================

12:19:16 - INFO - 
=================================================================
MODEL: Pipeline STACKING XGB deep + XGB shallow
-----------------------------------------------------------------
Metric     |                Train |                 Test
-----------------------------------------------------------------
MAE        |            70,710.54 |            99,371.47
MSE        |       16,813,305,440 |       38,379,763,666
R2         |               0.9274 |               0.8344
=================================================================

12:19:18 - INFO - Завершение
12:21:09 - INFO - Завершение
