2025-12-21 00:36:56 - INFO - Старт
2025-12-21 00:36:56 - WARNING - No such comm: 78bd887770964f4881871b896e84190d
2025-12-21 00:39:48 - INFO - 
=================================================================
MODEL: LinearRegression (baseline)
-----------------------------------------------------------------
Metric     |                Train |                 Test
-----------------------------------------------------------------
MAE        |           190,571.26 |           194,434.27
MSE        |      102,269,241,187 |      105,629,102,490
R2         |               0.5656 |               0.5450
=================================================================

2025-12-21 00:39:51 - INFO - 
=================================================================
MODEL: LinearRegression (best_features = 25)
-----------------------------------------------------------------
Metric     |                Train |                 Test
-----------------------------------------------------------------
MAE        |           268,095.79 |           266,898.80
MSE        |      172,999,933,821 |      170,021,961,433
R2         |               0.2652 |               0.2677
=================================================================

2025-12-21 00:39:52 - INFO - 
=================================================================
MODEL: DecisionTreeRegressor (Top-25 features)
-----------------------------------------------------------------
Metric     |                Train |                 Test
-----------------------------------------------------------------
MAE        |            76,101.99 |           170,214.23
MSE        |       36,410,785,246 |      112,175,926,935
R2         |               0.8453 |               0.5168
=================================================================

2025-12-21 00:48:08 - INFO - 
=================================================================
MODEL: DecisionTreeRegressor (Top-13 features)
-----------------------------------------------------------------
Metric     |                Train |                 Test
-----------------------------------------------------------------
MAE        |           178,403.77 |           190,966.13
MSE        |       92,577,807,710 |      108,192,817,542
R2         |               0.6068 |               0.5340
=================================================================

2025-12-21 00:48:19 - INFO - 
=================================================================
MODEL: RandomForestRegressor (Top-25 features)
-----------------------------------------------------------------
Metric     |                Train |                 Test
-----------------------------------------------------------------
MAE        |           156,706.49 |           173,643.54
MSE        |       73,948,537,698 |       92,522,445,770
R2         |               0.6859 |               0.6015
=================================================================

2025-12-21 00:53:06 - INFO - 
=================================================================
MODEL: GradientBoostingRegressor (Top-25 features)
-----------------------------------------------------------------
Metric     |                Train |                 Test
-----------------------------------------------------------------
MAE        |           136,372.54 |           162,231.55
MSE        |       59,566,175,270 |       84,967,114,335
R2         |               0.7470 |               0.6340
=================================================================

2025-12-21 00:53:13 - INFO - 
=================================================================
MODEL: CatBoostRegressor (Top-25 features)
-----------------------------------------------------------------
Metric     |                Train |                 Test
-----------------------------------------------------------------
MAE        |           174,054.33 |           175,513.81
MSE        |       90,733,132,154 |       92,494,732,512
R2         |               0.6146 |               0.6016
=================================================================

2025-12-21 00:53:28 - INFO - 
=================================================================
MODEL: CatBoostRegressor (All features)
-----------------------------------------------------------------
Metric     |                Train |                 Test
-----------------------------------------------------------------
MAE        |           135,968.62 |           137,643.52
MSE        |       57,819,410,684 |       60,132,223,557
R2         |               0.7544 |               0.7410
=================================================================

2025-12-21 00:53:34 - INFO - 
=================================================================
MODEL: CatBoostRegressor (Top-11 features)
-----------------------------------------------------------------
Metric     |                Train |                 Test
-----------------------------------------------------------------
MAE        |           129,546.47 |           132,826.60
MSE        |       54,868,399,379 |       58,427,681,561
R2         |               0.7669 |               0.7483
=================================================================

2025-12-21 00:53:41 - INFO - 
=================================================================
MODEL: RandomForestRegressor (Top-11 features)
-----------------------------------------------------------------
Metric     |                Train |                 Test
-----------------------------------------------------------------
MAE        |           142,943.80 |           154,815.89
MSE        |       57,796,205,525 |       71,038,073,997
R2         |               0.7545 |               0.6940
=================================================================

2025-12-21 00:59:27 - INFO - 
=================================================================
MODEL: GradientBoostingRegressor (Top-11 features)
-----------------------------------------------------------------
Metric     |                Train |                 Test
-----------------------------------------------------------------
MAE        |           124,814.58 |           133,839.92
MSE        |       48,269,567,668 |       58,662,670,079
R2         |               0.7950 |               0.7473
=================================================================

2025-12-21 00:59:31 - INFO - 
=================================================================
MODEL: XGBRegressor (Top-11)
-----------------------------------------------------------------
Metric     |                Train |                 Test
-----------------------------------------------------------------
MAE        |           127,607.90 |           132,196.48
MSE        |       53,803,698,175 |       58,482,904,227
R2         |               0.7715 |               0.7481
=================================================================

2025-12-21 01:21:48 - INFO - 
=================================================================
MODEL: GradientBoostingRegressor (Pipeline)
-----------------------------------------------------------------
Metric     |                Train |                 Test
-----------------------------------------------------------------
MAE        |           103,710.65 |           114,069.71
MSE        |       35,676,665,722 |       46,022,643,364
R2         |               0.8455 |               0.8041
=================================================================

2025-12-21 01:28:50 - INFO - 
=================================================================
MODEL: OPTUNA TUNED XGBOOST PIPELINE
-----------------------------------------------------------------
Metric     |                Train |                 Test
-----------------------------------------------------------------
MAE        |            92,676.33 |           107,846.79
MSE        |       28,834,801,470 |       42,703,175,371
R2         |               0.8751 |               0.8182
=================================================================

2025-12-21 01:30:07 - INFO - 
=================================================================
MODEL: Pipeline STACKING RF+histGB+Ridge
-----------------------------------------------------------------
Metric     |                Train |                 Test
-----------------------------------------------------------------
MAE        |           126,988.17 |           131,644.49
MSE        |       52,411,794,240 |       56,929,041,064
R2         |               0.7731 |               0.7577
=================================================================

2025-12-21 01:36:35 - INFO - 
=================================================================
MODEL: Pipeline STACKING XGB deep + XGB shallow
-----------------------------------------------------------------
Metric     |                Train |                 Test
-----------------------------------------------------------------
MAE        |            70,372.86 |            99,819.26
MSE        |       16,704,171,132 |       38,687,157,623
R2         |               0.9277 |               0.8353
=================================================================

2025-12-21 01:36:35 - INFO - Завершение
2025-12-21 01:38:21 - INFO - Executing shutdown due to inactivity...
2025-12-21 01:38:21 - INFO - Executing shutdown...
2025-12-21 01:38:21 - INFO - Not running with the Werkzeug Server, exiting by searching gc for BaseWSGIServer
