15:39:36 - INFO - Старт сессии
15:41:45 - INFO - 
=================================================================
MODEL: LinearRegression (baseline)
-----------------------------------------------------------------
Metric     |                Train |                 Test
-----------------------------------------------------------------
MAE        |           190,571.26 |           194,434.29
MSE        |      102,269,241,187 |      105,629,152,601
R2         |               0.5656 |               0.5450
=================================================================

15:41:47 - INFO - 
=================================================================
MODEL: LinearRegression (Top-25 features)
-----------------------------------------------------------------
Metric     |                Train |                 Test
-----------------------------------------------------------------
MAE        |           268,095.79 |           266,898.80
MSE        |      172,999,933,821 |      170,021,961,433
R2         |               0.2652 |               0.2677
=================================================================

15:41:48 - INFO - 
=================================================================
MODEL: DecisionTreeRegressor (Top-25 features)
-----------------------------------------------------------------
Metric     |                Train |                 Test
-----------------------------------------------------------------
MAE        |            76,101.99 |           170,214.23
MSE        |       36,410,785,246 |      112,175,926,935
R2         |               0.8453 |               0.5168
=================================================================

15:43:30 - INFO - 
=================================================================
MODEL: DecisionTreeRegressor (Elbow method depth = 13)
-----------------------------------------------------------------
Metric     |                Train |                 Test
-----------------------------------------------------------------
MAE        |           178,403.77 |           190,966.13
MSE        |       92,577,807,710 |      108,192,817,542
R2         |               0.6068 |               0.5340
=================================================================

15:43:40 - INFO - 
=================================================================
MODEL: RandomForestRegressor (Top-25 features)
-----------------------------------------------------------------
Metric     |                Train |                 Test
-----------------------------------------------------------------
MAE        |           156,706.49 |           173,643.54
MSE        |       73,948,537,698 |       92,522,445,770
R2         |               0.6859 |               0.6015
=================================================================

15:47:34 - INFO - 
=================================================================
MODEL: GradientBoostingRegressor (Top-25 features)
-----------------------------------------------------------------
Metric     |                Train |                 Test
-----------------------------------------------------------------
MAE        |           136,372.54 |           162,231.55
MSE        |       59,566,175,270 |       84,967,114,335
R2         |               0.7470 |               0.6340
=================================================================

15:47:38 - INFO - 
=================================================================
MODEL: CatBoostRegressor (Top-25 features)
-----------------------------------------------------------------
Metric     |                Train |                 Test
-----------------------------------------------------------------
MAE        |           174,054.33 |           175,513.81
MSE        |       90,733,132,154 |       92,494,732,512
R2         |               0.6146 |               0.6016
=================================================================

15:47:49 - INFO - 
=================================================================
MODEL: CatBoostRegressor (All features)
-----------------------------------------------------------------
Metric     |                Train |                 Test
-----------------------------------------------------------------
MAE        |           135,968.62 |           137,643.52
MSE        |       57,819,410,684 |       60,132,223,557
R2         |               0.7544 |               0.7410
=================================================================

15:47:53 - INFO - 
=================================================================
MODEL: CatBoostRegressor (Top-11 features)
-----------------------------------------------------------------
Metric     |                Train |                 Test
-----------------------------------------------------------------
MAE        |           129,546.47 |           132,826.60
MSE        |       54,868,399,379 |       58,427,681,561
R2         |               0.7669 |               0.7483
=================================================================

15:47:58 - INFO - 
=================================================================
MODEL: RandomForestRegressor (Top-11 features)
-----------------------------------------------------------------
Metric     |                Train |                 Test
-----------------------------------------------------------------
MAE        |           142,943.61 |           154,816.63
MSE        |       57,795,915,891 |       71,038,434,654
R2         |               0.7545 |               0.6940
=================================================================

15:53:31 - INFO - 
=================================================================
MODEL: GradientBoostingRegressor (Top-11 features)
-----------------------------------------------------------------
Metric     |                Train |                 Test
-----------------------------------------------------------------
MAE        |           124,814.58 |           133,839.92
MSE        |       48,269,567,668 |       58,662,670,079
R2         |               0.7950 |               0.7473
=================================================================

15:53:33 - INFO - 
=================================================================
MODEL: XGBRegressor (Top-11 features)
-----------------------------------------------------------------
Metric     |                Train |                 Test
-----------------------------------------------------------------
MAE        |           127,607.90 |           132,196.48
MSE        |       53,803,698,175 |       58,482,904,227
R2         |               0.7715 |               0.7481
=================================================================

16:08:12 - INFO - 
=================================================================
MODEL: GradientBoostingRegressor (Pipeline)
-----------------------------------------------------------------
Metric     |                Train |                 Test
-----------------------------------------------------------------
MAE        |           103,607.35 |           112,982.04
MSE        |       35,635,288,246 |       45,235,731,793
R2         |               0.8462 |               0.8049
=================================================================

16:09:17 - INFO - 
=================================================================
MODEL: OPTUNA TUNED XGBOOST PIPELINE
-----------------------------------------------------------------
Metric     |                Train |                 Test
-----------------------------------------------------------------
MAE        |            78,751.58 |           100,554.76
MSE        |       21,111,712,529 |       38,838,184,979
R2         |               0.9089 |               0.8325
=================================================================

16:11:10 - INFO - 
=================================================================
MODEL: Pipeline STACKING RF CatBoost(GPU) RIDGE
-----------------------------------------------------------------
Metric     |                Train |                 Test
-----------------------------------------------------------------
MAE        |           115,779.27 |           120,097.69
MSE        |       44,721,460,588 |       49,403,716,527
R2         |               0.8070 |               0.7869
=================================================================

16:11:42 - INFO - 
=================================================================
MODEL: Pipeline STACKING RF+histGB+Ridge
-----------------------------------------------------------------
Metric     |                Train |                 Test
-----------------------------------------------------------------
MAE        |           127,296.01 |           129,881.71
MSE        |       52,853,531,959 |       55,381,227,341
R2         |               0.7719 |               0.7611
=================================================================

16:15:51 - INFO - 
=================================================================
MODEL: Pipeline STACKING XGB deep + XGB shallow
-----------------------------------------------------------------
Metric     |                Train |                 Test
-----------------------------------------------------------------
MAE        |            70,710.54 |            99,371.47
MSE        |       16,813,305,440 |       38,379,763,666
R2         |               0.9274 |               0.8344
=================================================================

16:15:53 - INFO - Завершение
